/*C3*/SET SCHEMA PUBLIC
CREATE TABLE IF NOT EXISTS doctors(    id                  BIGINT IDENTITY NOT NULL PRIMARY KEY,    first_name          VARCHAR(30),    last_name           VARCHAR(30),    patronymic          VARCHAR(30),    specialization      VARCHAR(20))
CREATE TABLE IF NOT EXISTS patients(    id                  BIGINT IDENTITY NOT NULL PRIMARY KEY,    first_name          VARCHAR(30),    last_name           VARCHAR(30),    patronymic          VARCHAR(30),    telephone_number    VARCHAR(15))
CREATE TABLE IF NOT EXISTS recipes(    id                  BIGINT IDENTITY NOT NULL PRIMARY KEY,    description         LONGVARCHAR,    patient_id          BIGINT NOT NULL,    doctor_id           BIGINT NOT NULL,    creation_date       TIMESTAMP,    validity            INTEGER,    priority            VARCHAR(6),    FOREIGN KEY (patient_id) REFERENCES patients(id),    FOREIGN KEY (doctor_id) REFERENCES doctors(id))
DELETE FROM RECIPES WHERE ID=5
COMMIT
DELETE FROM RECIPES WHERE ID=6
INSERT INTO RECIPES VALUES(6,'asdasd',2,0,'2020-08-15 21:58:50.232244',123,'NORMAL')
COMMIT
DELETE FROM RECIPES WHERE ID=7
INSERT INTO RECIPES VALUES(7,'Kholostyakov',2,2,'2020-08-15 22:20:50.496594',3,'STATIM')
COMMIT
DELETE FROM RECIPES WHERE ID=6
COMMIT
DELETE FROM RECIPES WHERE ID=7
COMMIT
DELETE FROM RECIPES WHERE ID=8
COMMIT
INSERT INTO RECIPES VALUES(9,'1',2,2,'2020-08-16 14:31:12.904030',3,'NORMAL')
COMMIT
INSERT INTO RECIPES VALUES(10,'zxcasdzxc',3,2,'2020-08-16 14:31:32.700598',1,'NORMAL')
COMMIT
DELETE FROM RECIPES WHERE ID=10
INSERT INTO RECIPES VALUES(10,'zxcasdzxc',3,2,'2020-08-16 14:31:32.700598',1,'CITO')
COMMIT
DELETE FROM RECIPES WHERE ID=9
INSERT INTO RECIPES VALUES(9,'asd',2,2,'2020-08-16 14:31:12.904030',3,'NORMAL')
COMMIT
INSERT INTO RECIPES VALUES(11,'asasd',2,2,'2020-08-16 14:32:12.786534',123,'STATIM')
COMMIT
DELETE FROM DOCTORS WHERE ID=0
INSERT INTO DOCTORS VALUES(0,'Dmitry','Kholostyakov','Antonovich','Dantist')
COMMIT
DELETE FROM PATIENTS WHERE ID=1
COMMIT
DELETE FROM RECIPES WHERE ID=10
INSERT INTO RECIPES VALUES(10,'zxcasdzxc',3,0,'2020-08-16 14:31:32.700598',1,'CITO')
COMMIT
INSERT INTO DOCTORS VALUES(3,'Alexey','Petrov','Vasilevich','Main medic')
COMMIT
DELETE FROM DOCTORS WHERE ID=2
INSERT INTO DOCTORS VALUES(2,'Ivan','Ivanov','Ivanovich','Medic')
COMMIT
INSERT INTO PATIENTS VALUES(7,'Petrov','Petr','Nikolaevich','89277153814')
COMMIT
DELETE FROM PATIENTS WHERE ID=7
INSERT INTO PATIENTS VALUES(7,'Petr','Petrov','Nikolaevich','89277153814')
COMMIT
